2020-04-01 15:05:46,959 INFO o.a.j.u.JMeterUtils: Setting Locale to en_EN
2020-04-01 15:05:46,969 INFO o.a.j.JMeter: Loading user properties from: user.properties
2020-04-01 15:05:46,970 INFO o.a.j.JMeter: Loading system properties from: system.properties
2020-04-01 15:05:46,974 INFO o.a.j.JMeter: Copyright (c) 1998-2019 The Apache Software Foundation
2020-04-01 15:05:46,974 INFO o.a.j.JMeter: Version 5.1.1 r1855137
2020-04-01 15:05:46,974 INFO o.a.j.JMeter: java.version=1.8.0_241
2020-04-01 15:05:46,974 INFO o.a.j.JMeter: java.vm.name=Java HotSpot(TM) Client VM
2020-04-01 15:05:46,974 INFO o.a.j.JMeter: os.name=Windows 10
2020-04-01 15:05:46,975 INFO o.a.j.JMeter: os.arch=x86
2020-04-01 15:05:46,975 INFO o.a.j.JMeter: os.version=10.0
2020-04-01 15:05:46,975 INFO o.a.j.JMeter: file.encoding=Cp1252
2020-04-01 15:05:46,975 INFO o.a.j.JMeter: java.awt.headless=true
2020-04-01 15:05:46,975 INFO o.a.j.JMeter: Max memory     =1073741824
2020-04-01 15:05:46,975 INFO o.a.j.JMeter: Available Processors =8
2020-04-01 15:05:46,985 INFO o.a.j.JMeter: Default Locale=English (EN)
2020-04-01 15:05:46,985 INFO o.a.j.JMeter: JMeter  Locale=English (EN)
2020-04-01 15:05:46,985 INFO o.a.j.JMeter: JMeterHome=C:\apache-jmeter-5.1.1
2020-04-01 15:05:46,985 INFO o.a.j.JMeter: user.dir  =C:\apache-jmeter-5.1.1\bin
2020-04-01 15:05:46,986 INFO o.a.j.JMeter: PWD       =C:\apache-jmeter-5.1.1\bin
2020-04-01 15:05:46,988 INFO o.a.j.JMeter: IP: 192.168.1.127 Name: ANS-A446 FullName: host.docker.internal
2020-04-01 15:05:46,990 INFO o.a.j.JMeter: Setting property 'jmeter.reportgenerator.outputdir' to:'C:\apache-jmeter-5.1.1\bin\out'
2020-04-01 15:05:46,992 INFO o.a.j.s.FileServer: Default base='C:\apache-jmeter-5.1.1\bin'
2020-04-01 15:05:47,000 INFO o.a.j.s.FileServer: Set new base='C:\apache-jmeter-5.1.1\bin\.'
2020-04-01 15:05:47,129 INFO o.a.j.s.SaveService: Testplan (JMX) version: 2.2. Testlog (JTL) version: 2.2
2020-04-01 15:05:47,146 INFO o.a.j.s.SaveService: Using SaveService properties file encoding UTF-8
2020-04-01 15:05:47,151 INFO o.a.j.s.SaveService: Using SaveService properties version 5.0
2020-04-01 15:05:47,156 INFO o.a.j.s.SaveService: Loading file: .\View Results Tree.jmx
2020-04-01 15:05:47,225 INFO o.a.j.JMeter: Creating summariser <summary>
2020-04-01 15:05:47,230 INFO o.a.j.r.d.ReportGenerator: ReportGenerator will use for Parsing the separator: ','
2020-04-01 15:05:47,231 INFO o.a.j.r.d.ReportGenerator: Will generate report at end of test from  results file: log.csv
2020-04-01 15:05:47,231 INFO o.a.j.r.d.ReportGenerator: Reading report generator properties from: C:\apache-jmeter-5.1.1\bin\reportgenerator.properties
2020-04-01 15:05:47,232 INFO o.a.j.r.d.ReportGenerator: Merging with JMeter properties
2020-04-01 15:05:47,238 INFO o.a.j.r.c.ReportGeneratorConfiguration: Property 'jmeter.reportgenerator.temp_dir' not found, using default value 'temp' instead.
2020-04-01 15:05:47,240 INFO o.a.j.r.c.ReportGeneratorConfiguration: Property 'jmeter.reportgenerator.apdex_per_transaction' not found, using default value 'null' instead.
2020-04-01 15:05:47,243 INFO o.a.j.r.c.ReportGeneratorConfiguration: apdex_per_transaction : {} is empty, not APDEX per transaction customization
2020-04-01 15:05:47,243 INFO o.a.j.r.c.ReportGeneratorConfiguration: Property 'jmeter.reportgenerator.sample_filter' not found, using default value 'null' instead.
2020-04-01 15:05:47,243 INFO o.a.j.r.c.ReportGeneratorConfiguration: Property 'jmeter.reportgenerator.report_title' not found, using default value 'null' instead.
2020-04-01 15:05:47,243 INFO o.a.j.r.c.ReportGeneratorConfiguration: Property 'jmeter.reportgenerator.start_date' not found, using default value 'null' instead.
2020-04-01 15:05:47,243 INFO o.a.j.r.c.ReportGeneratorConfiguration: Property 'jmeter.reportgenerator.end_date' not found, using default value 'null' instead.
2020-04-01 15:05:47,243 INFO o.a.j.r.c.ReportGeneratorConfiguration: Property 'jmeter.reportgenerator.date_format' not found, using default value 'null' instead.
2020-04-01 15:05:47,244 INFO o.a.j.r.c.ReportGeneratorConfiguration: Will use date range start date: null, end date: null
2020-04-01 15:05:47,248 INFO o.a.j.r.c.ReportGeneratorConfiguration: Property 'jmeter.reportgenerator.graph.totalTPS.exclude_controllers' not found, using default value 'false' instead.
2020-04-01 15:05:47,248 INFO o.a.j.r.c.ReportGeneratorConfiguration: Property 'jmeter.reportgenerator.graph.activeThreadsOverTime.exclude_controllers' not found, using default value 'false' instead.
2020-04-01 15:05:47,248 INFO o.a.j.r.c.ReportGeneratorConfiguration: Property 'jmeter.reportgenerator.graph.timeVsThreads.exclude_controllers' not found, using default value 'false' instead.
2020-04-01 15:05:47,249 INFO o.a.j.r.c.ReportGeneratorConfiguration: Property 'jmeter.reportgenerator.graph.responseTimeDistribution.exclude_controllers' not found, using default value 'false' instead.
2020-04-01 15:05:47,249 INFO o.a.j.r.c.ReportGeneratorConfiguration: Property 'jmeter.reportgenerator.graph.transactionsPerSecond.exclude_controllers' not found, using default value 'false' instead.
2020-04-01 15:05:47,249 INFO o.a.j.r.c.ReportGeneratorConfiguration: Property 'jmeter.reportgenerator.graph.responseTimePercentiles.exclude_controllers' not found, using default value 'false' instead.
2020-04-01 15:05:47,249 INFO o.a.j.r.c.ReportGeneratorConfiguration: Property 'jmeter.reportgenerator.graph.responseTimePercentilesOverTime.exclude_controllers' not found, using default value 'false' instead.
2020-04-01 15:05:47,249 INFO o.a.j.r.c.ReportGeneratorConfiguration: Property 'jmeter.reportgenerator.graph.responseTimesOverTime.exclude_controllers' not found, using default value 'false' instead.
2020-04-01 15:05:47,249 INFO o.a.j.r.c.ReportGeneratorConfiguration: Property 'jmeter.reportgenerator.graph.connectTimeOverTime.exclude_controllers' not found, using default value 'false' instead.
2020-04-01 15:05:47,249 INFO o.a.j.r.c.ReportGeneratorConfiguration: Property 'jmeter.reportgenerator.graph.latenciesOverTime.exclude_controllers' not found, using default value 'false' instead.
2020-04-01 15:05:47,250 INFO o.a.j.r.c.ReportGeneratorConfiguration: Property 'jmeter.reportgenerator.exporter.json.filters_only_sample_series' not found, using default value 'true' instead.
2020-04-01 15:05:47,250 INFO o.a.j.r.c.ReportGeneratorConfiguration: Property 'jmeter.reportgenerator.exporter.json.series_filter' not found, using default value '' instead.
2020-04-01 15:05:47,250 INFO o.a.j.r.c.ReportGeneratorConfiguration: Property 'jmeter.reportgenerator.exporter.json.show_controllers_only' not found, using default value 'false' instead.
2020-04-01 15:05:47,250 INFO o.a.j.r.c.ReportGeneratorConfiguration: Property 'jmeter.reportgenerator.exporter.html.filters_only_sample_series' not found, using default value 'true' instead.
2020-04-01 15:05:47,250 INFO o.a.j.r.c.ReportGeneratorConfiguration: Property 'jmeter.reportgenerator.exporter.html.series_filter' not found, using default value '' instead.
2020-04-01 15:05:47,250 INFO o.a.j.r.c.ReportGeneratorConfiguration: Property 'jmeter.reportgenerator.exporter.html.show_controllers_only' not found, using default value 'false' instead.
2020-04-01 15:05:47,254 INFO o.a.j.e.StandardJMeterEngine: Running the test!
2020-04-01 15:05:47,255 INFO o.a.j.s.SampleEvent: List of sample_variables: []
2020-04-01 15:05:47,255 INFO o.a.j.s.SampleEvent: List of sample_variables: []
2020-04-01 15:05:47,261 INFO o.a.j.e.u.CompoundVariable: Note: Function class names must contain the string: '.functions.'
2020-04-01 15:05:47,261 INFO o.a.j.e.u.CompoundVariable: Note: Function class names must not contain the string: '.gui.'
2020-04-01 15:05:47,794 INFO o.a.j.JMeter: Running test (1585749947794)
2020-04-01 15:05:47,830 INFO o.a.j.e.StandardJMeterEngine: Starting ThreadGroup: 1 : Stress
2020-04-01 15:05:47,830 INFO o.a.j.e.StandardJMeterEngine: Starting 0 threads for group Stress.
2020-04-01 15:05:47,831 INFO o.a.j.e.StandardJMeterEngine: Thread will continue on error
2020-04-01 15:05:47,839 INFO o.a.j.t.JMeterThread: Thread started: Stress-ThreadStarter 1-1
2020-04-01 15:05:47,840 INFO o.a.j.s.SampleResult: Note: Sample TimeStamps are START times
2020-04-01 15:05:47,840 INFO o.a.j.s.SampleResult: sampleresult.default.encoding is set to ISO-8859-1
2020-04-01 15:05:47,840 INFO o.a.j.s.SampleResult: sampleresult.useNanoTime=true
2020-04-01 15:05:47,840 INFO o.a.j.s.SampleResult: sampleresult.nanoThreadSleep=5000
2020-04-01 15:05:47,841 INFO c.b.j.t.a.ArrivalsThreadGroup: Got first arrival
2020-04-01 15:05:47,841 INFO o.a.j.e.StandardJMeterEngine: All thread groups have been started
2020-04-01 15:05:48,092 INFO o.a.j.p.j.s.J.JSR223 Sampler: Hello World
2020-04-01 15:05:50,837 INFO o.a.j.p.j.s.J.JSR223 Sampler: Hello World
2020-04-01 15:05:52,333 INFO o.a.j.p.j.s.J.JSR223 Sampler: Hello World
2020-04-01 15:05:53,333 INFO o.a.j.p.j.s.J.JSR223 Sampler: Hello World
2020-04-01 15:05:54,335 INFO o.a.j.p.j.s.J.JSR223 Sampler: Hello World
2020-04-01 15:05:55,083 INFO o.a.j.p.j.s.J.JSR223 Sampler: Hello World
2020-04-01 15:05:55,834 INFO o.a.j.p.j.s.J.JSR223 Sampler: Hello World
2020-04-01 15:05:56,434 INFO o.a.j.p.j.s.J.JSR223 Sampler: Hello World
2020-04-01 15:05:57,033 INFO o.a.j.p.j.s.J.JSR223 Sampler: Hello World
2020-04-01 15:05:57,633 INFO o.a.j.p.j.s.J.JSR223 Sampler: Hello World
2020-04-01 15:05:58,233 INFO o.a.j.p.j.s.J.JSR223 Sampler: Hello World
2020-04-01 15:05:58,733 INFO o.a.j.p.j.s.J.JSR223 Sampler: Hello World
2020-04-01 15:05:59,234 INFO o.a.j.p.j.s.J.JSR223 Sampler: Hello World
2020-04-01 15:05:59,733 INFO o.a.j.p.j.s.J.JSR223 Sampler: Hello World
2020-04-01 15:06:00,234 INFO o.a.j.p.j.s.J.JSR223 Sampler: Hello World
2020-04-01 15:06:00,235 INFO o.a.j.r.Summariser: summary +     15 in 00:00:12 =    1.2/s Avg:    17 Min:     0 Max:   250 Err:     0 (0.00%) Active: 1 Started: 15 Finished: 14
2020-04-01 15:06:00,662 INFO o.a.j.p.j.s.J.JSR223 Sampler: Hello World
2020-04-01 15:06:01,090 INFO o.a.j.p.j.s.J.JSR223 Sampler: Hello World
2020-04-01 15:06:01,518 INFO o.a.j.p.j.s.J.JSR223 Sampler: Hello World
2020-04-01 15:06:01,947 INFO o.a.j.p.j.s.J.JSR223 Sampler: Hello World
2020-04-01 15:06:02,322 INFO o.a.j.p.j.s.J.JSR223 Sampler: Hello World
2020-04-01 15:06:02,697 INFO o.a.j.p.j.s.J.JSR223 Sampler: Hello World
2020-04-01 15:06:03,073 INFO o.a.j.p.j.s.J.JSR223 Sampler: Hello World
2020-04-01 15:06:03,447 INFO o.a.j.p.j.s.J.JSR223 Sampler: Hello World
2020-04-01 15:06:03,823 INFO o.a.j.p.j.s.J.JSR223 Sampler: Hello World
2020-04-01 15:06:04,197 INFO o.a.j.p.j.s.J.JSR223 Sampler: Hello World
2020-04-01 15:06:04,532 INFO o.a.j.p.j.s.J.JSR223 Sampler: Hello World
2020-04-01 15:06:04,863 INFO o.a.j.p.j.s.J.JSR223 Sampler: Hello World
2020-04-01 15:06:05,197 INFO o.a.j.p.j.s.J.JSR223 Sampler: Hello World
2020-04-01 15:06:05,530 INFO o.a.j.p.j.s.J.JSR223 Sampler: Hello World
2020-04-01 15:06:05,863 INFO o.a.j.p.j.s.J.JSR223 Sampler: Hello World
2020-04-01 15:06:06,163 INFO o.a.j.p.j.s.J.JSR223 Sampler: Hello World
2020-04-01 15:06:06,463 INFO o.a.j.p.j.s.J.JSR223 Sampler: Hello World
2020-04-01 15:06:06,763 INFO o.a.j.p.j.s.J.JSR223 Sampler: Hello World
2020-04-01 15:06:07,063 INFO o.a.j.p.j.s.J.JSR223 Sampler: Hello World
2020-04-01 15:06:07,363 INFO o.a.j.p.j.s.J.JSR223 Sampler: Hello World
2020-04-01 15:06:07,663 INFO o.a.j.p.j.s.J.JSR223 Sampler: Hello World
2020-04-01 15:06:07,963 INFO o.a.j.p.j.s.J.JSR223 Sampler: Hello World
2020-04-01 15:06:08,236 INFO o.a.j.p.j.s.J.JSR223 Sampler: Hello World
2020-04-01 15:06:08,510 INFO o.a.j.p.j.s.J.JSR223 Sampler: Hello World
2020-04-01 15:06:08,782 INFO o.a.j.p.j.s.J.JSR223 Sampler: Hello World
2020-04-01 15:06:09,054 INFO o.a.j.p.j.s.J.JSR223 Sampler: Hello World
2020-04-01 15:06:09,327 INFO o.a.j.p.j.s.J.JSR223 Sampler: Hello World
2020-04-01 15:06:09,600 INFO o.a.j.p.j.s.J.JSR223 Sampler: Hello World
2020-04-01 15:06:09,873 INFO o.a.j.p.j.s.J.JSR223 Sampler: Hello World
2020-04-01 15:06:10,123 INFO o.a.j.p.j.s.J.JSR223 Sampler: Hello World
2020-04-01 15:06:10,373 INFO o.a.j.p.j.s.J.JSR223 Sampler: Hello World
2020-04-01 15:06:10,624 INFO o.a.j.p.j.s.J.JSR223 Sampler: Hello World
2020-04-01 15:06:10,873 INFO o.a.j.p.j.s.J.JSR223 Sampler: Hello World
2020-04-01 15:06:11,123 INFO o.a.j.p.j.s.J.JSR223 Sampler: Hello World
2020-04-01 15:06:11,373 INFO o.a.j.p.j.s.J.JSR223 Sampler: Hello World
2020-04-01 15:06:11,623 INFO o.a.j.p.j.s.J.JSR223 Sampler: Hello World
2020-04-01 15:06:11,873 INFO o.a.j.p.j.s.J.JSR223 Sampler: Hello World
2020-04-01 15:06:12,103 INFO o.a.j.p.j.s.J.JSR223 Sampler: Hello World
2020-04-01 15:06:12,335 INFO o.a.j.p.j.s.J.JSR223 Sampler: Hello World
2020-04-01 15:06:12,565 INFO o.a.j.p.j.s.J.JSR223 Sampler: Hello World
2020-04-01 15:06:12,796 INFO o.a.j.p.j.s.J.JSR223 Sampler: Hello World
2020-04-01 15:06:13,026 INFO o.a.j.p.j.s.J.JSR223 Sampler: Hello World
2020-04-01 15:06:13,259 INFO o.a.j.p.j.s.J.JSR223 Sampler: Hello World
2020-04-01 15:06:13,488 INFO o.a.j.p.j.s.J.JSR223 Sampler: Hello World
2020-04-01 15:06:13,720 INFO o.a.j.p.j.s.J.JSR223 Sampler: Hello World
2020-04-01 15:06:13,949 INFO o.a.j.p.j.s.J.JSR223 Sampler: Hello World
2020-04-01 15:06:14,164 INFO o.a.j.p.j.s.J.JSR223 Sampler: Hello World
2020-04-01 15:06:14,378 INFO o.a.j.p.j.s.J.JSR223 Sampler: Hello World
2020-04-01 15:06:14,592 INFO o.a.j.p.j.s.J.JSR223 Sampler: Hello World
2020-04-01 15:06:14,807 INFO o.a.j.p.j.s.J.JSR223 Sampler: Hello World
2020-04-01 15:06:15,021 INFO o.a.j.p.j.s.J.JSR223 Sampler: Hello World
2020-04-01 15:06:15,235 INFO o.a.j.p.j.s.J.JSR223 Sampler: Hello World
2020-04-01 15:06:15,449 INFO o.a.j.p.j.s.J.JSR223 Sampler: Hello World
2020-04-01 15:06:15,664 INFO o.a.j.p.j.s.J.JSR223 Sampler: Hello World
2020-04-01 15:06:15,878 INFO o.a.j.p.j.s.J.JSR223 Sampler: Hello World
2020-04-01 15:06:16,078 INFO o.a.j.p.j.s.J.JSR223 Sampler: Hello World
2020-04-01 15:06:16,278 INFO o.a.j.p.j.s.J.JSR223 Sampler: Hello World
2020-04-01 15:06:16,478 INFO o.a.j.p.j.s.J.JSR223 Sampler: Hello World
2020-04-01 15:06:16,678 INFO o.a.j.p.j.s.J.JSR223 Sampler: Hello World
2020-04-01 15:06:16,878 INFO o.a.j.p.j.s.J.JSR223 Sampler: Hello World
2020-04-01 15:06:17,078 INFO o.a.j.p.j.s.J.JSR223 Sampler: Hello World
2020-04-01 15:06:17,279 INFO o.a.j.p.j.s.J.JSR223 Sampler: Hello World
2020-04-01 15:06:17,478 INFO o.a.j.p.j.s.J.JSR223 Sampler: Hello World
2020-04-01 15:06:17,678 INFO o.a.j.p.j.s.J.JSR223 Sampler: Hello World
2020-04-01 15:06:17,878 INFO c.b.j.t.a.ArrivalsThreadStarter: Duration limit reached, no more arrivals needed, had arrivals: 79
2020-04-01 15:06:17,894 INFO o.a.j.e.StandardJMeterEngine: Notifying test listeners of end of test
2020-04-01 15:06:17,894 INFO o.a.j.t.JMeterThread: Thread is done: Stress-ThreadStarter 1-1
2020-04-01 15:06:17,894 INFO c.b.j.t.a.ArrivalsThreadGroup: Done 79 arrivals, 79 completions, 0 abandonments
2020-04-01 15:06:17,894 INFO o.a.j.t.JMeterThread: Thread finished: Stress-ThreadStarter 1-1
2020-04-01 15:06:17,895 INFO o.a.j.r.Summariser: summary +     64 in 00:00:18 =    3.6/s Avg:     0 Min:     0 Max:     2 Err:     0 (0.00%) Active: 0 Started: 80 Finished: 80
2020-04-01 15:06:17,896 INFO o.a.j.r.Summariser: summary =     79 in 00:00:30 =    2.6/s Avg:     3 Min:     0 Max:   250 Err:     0 (0.00%)
2020-04-01 15:06:17,898 INFO o.a.j.JMeter: Generating Dashboard
2020-04-01 15:06:17,898 INFO o.a.j.r.d.ReportGenerator: Flushing result collector before report Generation
2020-04-01 15:06:17,918 INFO o.a.j.r.p.NormalizerSampleConsumer: Using format, 'ms', to parse timeStamp field
2020-04-01 15:06:18,223 INFO o.a.j.r.p.AbstractSampleConsumer: class org.apache.jmeter.report.processor.AggregateConsumer#stopProducing(): beginDate produced 0 samples
2020-04-01 15:06:18,223 INFO o.a.j.r.p.AbstractSampleConsumer: class org.apache.jmeter.report.processor.AggregateConsumer#stopProducing(): endDate produced 0 samples
2020-04-01 15:06:18,225 INFO o.a.j.r.p.AbstractSampleConsumer: class org.apache.jmeter.report.processor.ApdexSummaryConsumer#stopProducing(): apdexSummary produced 0 samples
2020-04-01 15:06:18,225 INFO o.a.j.r.p.AbstractSampleConsumer: class org.apache.jmeter.report.processor.RequestsSummaryConsumer#stopProducing(): requestsSummary produced 0 samples
2020-04-01 15:06:18,229 INFO o.a.j.r.p.AbstractSampleConsumer: class org.apache.jmeter.report.processor.StatisticsSummaryConsumer#stopProducing(): statisticsSummary produced 0 samples
2020-04-01 15:06:18,236 INFO o.a.j.r.p.AbstractSampleConsumer: class org.apache.jmeter.report.processor.Top5ErrorsBySamplerConsumer#stopProducing(): top5ErrorsBySampler produced 0 samples
2020-04-01 15:06:18,236 INFO o.a.j.r.p.AbstractSampleConsumer: class org.apache.jmeter.report.processor.ErrorsSummaryConsumer#stopProducing(): errorsSummary produced 0 samples
2020-04-01 15:06:18,236 INFO o.a.j.r.p.AbstractSampleConsumer: class org.apache.jmeter.report.processor.graph.impl.HitsPerSecondGraphConsumer#stopProducing(): hitsPerSecond produced 0 samples
2020-04-01 15:06:18,246 INFO o.a.j.r.p.AbstractSampleConsumer: class org.apache.jmeter.report.processor.graph.impl.LatencyVSRequestGraphConsumer#stopProducing(): latencyVsRequest produced 0 samples
2020-04-01 15:06:18,246 INFO o.a.j.r.p.AbstractSampleConsumer: class org.apache.jmeter.report.processor.graph.impl.SyntheticResponseTimeDistributionGraphConsumer#stopProducing(): syntheticResponseTimeDistribution produced 0 samples
2020-04-01 15:06:18,247 INFO o.a.j.r.p.AbstractSampleConsumer: class org.apache.jmeter.report.processor.graph.impl.BytesThroughputGraphConsumer#stopProducing(): bytesThroughputOverTime produced 0 samples
2020-04-01 15:06:18,247 INFO o.a.j.r.p.AbstractSampleConsumer: class org.apache.jmeter.report.processor.graph.impl.CodesPerSecondGraphConsumer#stopProducing(): codesPerSecond produced 0 samples
2020-04-01 15:06:18,251 INFO o.a.j.r.p.AbstractSampleConsumer: class org.apache.jmeter.report.processor.graph.impl.ResponseTimeVSRequestGraphConsumer#stopProducing(): responseTimeVsRequest produced 0 samples
2020-04-01 15:06:18,251 INFO o.a.j.r.p.AbstractSampleConsumer: class org.apache.jmeter.report.processor.FilterConsumer#stopProducing(): startIntervalControlerFilter produced 553 samples
2020-04-01 15:06:18,251 INFO o.a.j.r.p.AbstractSampleConsumer: class org.apache.jmeter.report.processor.graph.impl.TotalTPSGraphConsumer#stopProducing(): totalTPS produced 0 samples
2020-04-01 15:06:18,251 INFO o.a.j.r.p.AbstractSampleConsumer: class org.apache.jmeter.report.processor.graph.impl.ActiveThreadsGraphConsumer#stopProducing(): activeThreadsOverTime produced 0 samples
2020-04-01 15:06:18,251 INFO o.a.j.r.p.AbstractSampleConsumer: class org.apache.jmeter.report.processor.graph.impl.TimeVSThreadGraphConsumer#stopProducing(): timeVsThreads produced 0 samples
2020-04-01 15:06:18,251 INFO o.a.j.r.p.AbstractSampleConsumer: class org.apache.jmeter.report.processor.graph.impl.ResponseTimeDistributionGraphConsumer#stopProducing(): responseTimeDistribution produced 0 samples
2020-04-01 15:06:18,251 INFO o.a.j.r.p.AbstractSampleConsumer: class org.apache.jmeter.report.processor.graph.impl.TransactionsPerSecondGraphConsumer#stopProducing(): transactionsPerSecond produced 0 samples
2020-04-01 15:06:18,251 INFO o.a.j.r.p.AbstractSampleConsumer: class org.apache.jmeter.report.processor.graph.impl.ResponseTimePercentilesGraphConsumer#stopProducing(): responseTimePercentiles produced 0 samples
2020-04-01 15:06:18,252 INFO o.a.j.r.p.AbstractSampleConsumer: class org.apache.jmeter.report.processor.graph.impl.ResponseTimePercentilesOverTimeGraphConsumer#stopProducing(): responseTimePercentilesOverTime produced 0 samples
2020-04-01 15:06:18,252 INFO o.a.j.r.p.AbstractSampleConsumer: class org.apache.jmeter.report.processor.graph.impl.ResponseTimeOverTimeGraphConsumer#stopProducing(): responseTimesOverTime produced 0 samples
2020-04-01 15:06:18,252 INFO o.a.j.r.p.AbstractSampleConsumer: class org.apache.jmeter.report.processor.graph.impl.ConnectTimeOverTimeGraphConsumer#stopProducing(): connectTimeOverTime produced 0 samples
2020-04-01 15:06:18,252 INFO o.a.j.r.p.AbstractSampleConsumer: class org.apache.jmeter.report.processor.graph.impl.LatencyOverTimeGraphConsumer#stopProducing(): latenciesOverTime produced 0 samples
2020-04-01 15:06:18,252 INFO o.a.j.r.p.AbstractSampleConsumer: class org.apache.jmeter.report.processor.FilterConsumer#stopProducing(): nameFilter produced 1185 samples
2020-04-01 15:06:18,252 INFO o.a.j.r.p.AbstractSampleConsumer: class org.apache.jmeter.report.processor.FilterConsumer#stopProducing(): dateRangeFilter produced 237 samples
2020-04-01 15:06:18,252 INFO o.a.j.r.p.AbstractSampleConsumer: class org.apache.jmeter.report.processor.NormalizerSampleConsumer#stopProducing(): normalizer produced 79 samples
2020-04-01 15:06:18,253 INFO o.a.j.r.p.CsvFileSampleSource: produce(): 79 samples produced in 313ms on channel 0
2020-04-01 15:06:18,253 INFO o.a.j.r.d.ReportGenerator: Exporting data using exporter:'json' of className:'org.apache.jmeter.report.dashboard.JsonExporter'
2020-04-01 15:06:18,254 INFO o.a.j.r.d.JsonExporter: Found data for consumer statisticsSummary in context
2020-04-01 15:06:18,254 INFO o.a.j.r.d.JsonExporter: Creating statistics for overall
2020-04-01 15:06:18,255 INFO o.a.j.r.d.JsonExporter: Creating statistics for other transactions
2020-04-01 15:06:18,255 INFO o.a.j.r.d.JsonExporter: Checking output folder
2020-04-01 15:06:18,256 INFO o.a.j.r.d.JsonExporter: Writing statistics JSON to C:\apache-jmeter-5.1.1\bin\out\statistics.json
2020-04-01 15:06:18,420 INFO o.a.j.r.d.ReportGenerator: Exporting data using exporter:'html' of className:'org.apache.jmeter.report.dashboard.HtmlTemplateExporter'
2020-04-01 15:06:18,423 INFO o.a.j.r.d.HtmlTemplateExporter: Will generate dashboard in folder: C:\apache-jmeter-5.1.1\bin\out
2020-04-01 15:06:18,504 INFO o.a.j.r.d.HtmlTemplateExporter: Report will be generated in: C:\apache-jmeter-5.1.1\bin\out, creating folder structure
2020-04-01 15:06:18,507 INFO o.a.j.r.d.TemplateVisitor: Copying folder from 'C:\apache-jmeter-5.1.1\bin\report-template' to 'C:\apache-jmeter-5.1.1\bin\out', got message:[C:\apache-jmeter-5.1.1\bin\out\statistics.json], found non empty folder with following content {}, will be ignored
2020-04-01 15:06:19,136 INFO o.a.j.JMeter: Dashboard generated
